<?xml version="1.0" encoding="UTF-8"?>
<testsuite xmlns:xsi="http://www.w3.org/2001/XMLSchema-instance" xsi:noNamespaceSchemaLocation="https://maven.apache.org/surefire/maven-failsafe-plugin/xsd/failsafe-test-report.xsd" name="Create Evaluation Smoke Test Feature" time="18.302" tests="2" errors="0" skipped="0" failures="2">
  <properties>
[...]
</properties>
  <testcase name="Verify Google Home Page Title" classname="Create Evaluation Smoke Test Feature" time="10.085">
    <failure message="expected:&lt;[&quot;Google&quot;]&gt; but was:&lt;[Google]&gt;" type="junit.framework.ComparisonFailure"><![CDATA[junit.framework.ComparisonFailure: expected:<["Google"]> but was:<[Google]>
]]></failure>
    <system-out><![CDATA[22:32:01.195 [main] DEBUG net.thucydides.core.util.PropertiesFileLocalPreferences - LOADING LOCAL PROPERTIES FROM C:\Users\pravesh.bhatt\Desktop\ACEND\workspace\atdd-framework-master\Senerity-BDD-Framework\serenity.properties 
22:32:01.316 [main] DEBUG net.thucydides.core.util.PropertiesFileLocalPreferences - LOADING LOCAL PROPERTIES FROM C:\Users\pravesh.bhatt\Desktop\ACEND\workspace\atdd-framework-master\Senerity-BDD-Framework\serenity.properties 
22:32:01.316 [main] DEBUG net.thucydides.core.util.PropertiesFileLocalPreferences - LOADING LOCAL PROPERTIES FROM C:\Users\pravesh.bhatt\Desktop\ACEND\workspace\atdd-framework-master\Senerity-BDD-Framework\serenity.properties 
22:32:01.328 [main] DEBUG net.thucydides.core.util.PropertiesFileLocalPreferences - serenity.project.name=Ascend
22:32:01.328 [main] DEBUG net.thucydides.core.util.PropertiesFileLocalPreferences - serenity.take.screenshots=FOR_EACH_ACTION
22:32:01.329 [main] DEBUG net.thucydides.core.util.PropertiesFileLocalPreferences - drivers.windows.webdriver.ie.driver=webdriver/windows/IEDriverServer.exe
22:32:01.329 [main] DEBUG net.thucydides.core.util.PropertiesFileLocalPreferences - webdriver.driver=chrome
22:32:01.329 [main] DEBUG net.thucydides.core.util.PropertiesFileLocalPreferences - environments.dev.webdriver.base.url=https://www.google.com/
22:32:01.329 [main] DEBUG net.thucydides.core.util.PropertiesFileLocalPreferences - drivers.windows.webdriver.chrome.driver=webdriver/windows/chromedriver.exe
22:32:01.329 [main] DEBUG net.thucydides.core.util.PropertiesFileLocalPreferences - drivers.linux.webdriver.gecko.driver=webdriver/linux/geckodriver
22:32:01.329 [main] DEBUG net.thucydides.core.util.PropertiesFileLocalPreferences - environments.staging.webdriver.base.url=https://www.google.com/
22:32:01.329 [main] DEBUG net.thucydides.core.util.PropertiesFileLocalPreferences - environments.default.webdriver.base.url=https://www.google.com//
22:32:01.329 [main] DEBUG net.thucydides.core.util.PropertiesFileLocalPreferences - drivers.linux.webdriver.chrome.driver=webdriver/linux/chromedriver
22:32:01.329 [main] DEBUG net.thucydides.core.util.PropertiesFileLocalPreferences - drivers.windows.webdriver.gecko.driver=webdriver/windows/geckodriver.exe
22:32:01.329 [main] DEBUG net.thucydides.core.util.PropertiesFileLocalPreferences - drivers.mac.webdriver.gecko.driver=webdriver/mac/geckodriver
22:32:01.329 [main] DEBUG net.thucydides.core.util.PropertiesFileLocalPreferences - drivers.mac.webdriver.chrome.driver=webdriver/mac/chromedriver
22:32:01.330 [main] DEBUG net.thucydides.core.util.PropertiesFileLocalPreferences - environments.prod.webdriver.base.url=https://www.google.com/
22:32:01.330 [main] DEBUG net.thucydides.core.util.PropertiesFileLocalPreferences - headless.mode=false
22:32:01.330 [main] DEBUG net.thucydides.core.util.PropertiesFileLocalPreferences - webdriver.use.driver.service.pool=false
22:32:01.722 [pool-1-thread-1] DEBUG net.thucydides.core.util.PropertiesFileLocalPreferences - LOADING LOCAL PROPERTIES FROM C:\Users\pravesh.bhatt\Desktop\ACEND\workspace\atdd-framework-master\Senerity-BDD-Framework\serenity.properties 
22:32:01.753 [pool-1-thread-1] DEBUG net.thucydides.core.util.PropertiesFileLocalPreferences - LOADING LOCAL PROPERTIES FROM C:\Users\pravesh.bhatt\Desktop\ACEND\workspace\atdd-framework-master\Senerity-BDD-Framework\serenity.properties 
22:32:01.754 [pool-1-thread-1] DEBUG net.thucydides.core.util.PropertiesFileLocalPreferences - LOADING LOCAL PROPERTIES FROM C:\Users\pravesh.bhatt\Desktop\ACEND\workspace\atdd-framework-master\Senerity-BDD-Framework\serenity.properties 
22:32:01.756 [pool-1-thread-1] DEBUG net.thucydides.core.util.PropertiesFileLocalPreferences - serenity.project.name=Ascend
22:32:01.756 [pool-1-thread-1] DEBUG net.thucydides.core.util.PropertiesFileLocalPreferences - serenity.take.screenshots=FOR_EACH_ACTION
22:32:01.757 [pool-1-thread-1] DEBUG net.thucydides.core.util.PropertiesFileLocalPreferences - drivers.windows.webdriver.ie.driver=webdriver/windows/IEDriverServer.exe
22:32:01.758 [pool-1-thread-1] DEBUG net.thucydides.core.util.PropertiesFileLocalPreferences - webdriver.driver=chrome
22:32:01.758 [pool-1-thread-1] DEBUG net.thucydides.core.util.PropertiesFileLocalPreferences - environments.dev.webdriver.base.url=https://www.google.com/
22:32:01.758 [pool-1-thread-1] DEBUG net.thucydides.core.util.PropertiesFileLocalPreferences - drivers.windows.webdriver.chrome.driver=webdriver/windows/chromedriver.exe
22:32:01.759 [pool-1-thread-1] DEBUG net.thucydides.core.util.PropertiesFileLocalPreferences - drivers.linux.webdriver.gecko.driver=webdriver/linux/geckodriver
22:32:01.760 [pool-1-thread-1] DEBUG net.thucydides.core.util.PropertiesFileLocalPreferences - environments.staging.webdriver.base.url=https://www.google.com/
22:32:01.760 [pool-1-thread-1] DEBUG net.thucydides.core.util.PropertiesFileLocalPreferences - environments.default.webdriver.base.url=https://www.google.com//
22:32:01.761 [pool-1-thread-1] DEBUG net.thucydides.core.util.PropertiesFileLocalPreferences - drivers.linux.webdriver.chrome.driver=webdriver/linux/chromedriver
22:32:01.761 [pool-1-thread-1] DEBUG net.thucydides.core.util.PropertiesFileLocalPreferences - drivers.windows.webdriver.gecko.driver=webdriver/windows/geckodriver.exe
22:32:01.761 [pool-1-thread-1] DEBUG net.thucydides.core.util.PropertiesFileLocalPreferences - drivers.mac.webdriver.gecko.driver=webdriver/mac/geckodriver
22:32:01.761 [pool-1-thread-1] DEBUG net.thucydides.core.util.PropertiesFileLocalPreferences - drivers.mac.webdriver.chrome.driver=webdriver/mac/chromedriver
22:32:01.762 [pool-1-thread-1] DEBUG net.thucydides.core.util.PropertiesFileLocalPreferences - environments.prod.webdriver.base.url=https://www.google.com/
22:32:01.762 [pool-1-thread-1] DEBUG net.thucydides.core.util.PropertiesFileLocalPreferences - headless.mode=false
22:32:01.762 [pool-1-thread-1] DEBUG net.thucydides.core.util.PropertiesFileLocalPreferences - webdriver.use.driver.service.pool=false
22:32:01.775 [pool-1-thread-1] INFO net.thucydides.core.steps.ConsoleLoggingListener - 

-------------------------------------------------------------------------------------
     _______. _______ .______       _______ .__   __.  __  .___________.____    ____ 
    /       ||   ____||   _  \     |   ____||  \ |  | |  | |           |\   \  /   / 
   |   (----`|  |__   |  |_)  |    |  |__   |   \|  | |  | `---|  |----` \   \/   /  
    \   \    |   __|  |      /     |   __|  |  . `  | |  |     |  |       \_    _/   
.----)   |   |  |____ |  |\  \----.|  |____ |  |\   | |  |     |  |         |  |     
|_______/    |_______|| _| `._____||_______||__| \__| |__|     |__|         |__|    
                                                                                     
 News and tutorials at http://www.serenity-bdd.info                                  
 Documentation at https://wakaleo.gitbooks.io/the-serenity-book/content/             
 Join the Serenity Community on Rocket Chat at https://serenity-bdd.rocket.chat      
 Serenity BDD Support and Training at http://serenity-bdd.info/#/trainingandsupport  
 Learn Serenity BDD online at http://serenity-dojo.com                               
-------------------------------------------------------------------------------------

22:32:01.782 [pool-1-thread-1] DEBUG net.thucydides.core.steps.StepEventBus - Test suite started for story net.thucydides.core.model.Story@b8e9e5bb
22:32:01.784 [pool-1-thread-1] INFO net.thucydides.core.steps.ConsoleLoggingListener - Test Suite Started: Create Evaluation Smoke Test Feature
May 31, 2020 10:32:01 PM cucumber.runtime.java.ObjectFactoryLoader loadSingleObjectFactory
WARNING: Loading deprecated ObjectFactory from runtime via reflection: cucumber.runtime.SerenityObjectFactory
22:32:13.508 [pool-1-thread-1] ERROR net.thucydides.core.steps.ConsoleLoggingListener - 
           __  _____ _____ ____ _____   _____ _    ___ _     _____ ____  
  _       / / |_   _| ____/ ___|_   _| |  ___/ \  |_ _| |   | ____|  _ \ 
 (_)_____| |    | | |  _| \___ \ | |   | |_ / _ \  | || |   |  _| | | | |
  _|_____| |    | | | |___ ___) || |   |  _/ ___ \ | || |___| |___| |_| |
 (_)     | |    |_| |_____|____/ |_|   |_|/_/   \_\___|_____|_____|____/ 
          \_\                                                            

TEST FAILED: Verify Google Home Page Title
--------------------------------------------------------------------------
22:32:13.514 [pool-1-thread-1] DEBUG net.thucydides.core.steps.ConsoleLoggingListener - RELATED ISSUES: 
22:32:13.626 [pool-1-thread-1] ERROR net.thucydides.core.steps.ConsoleLoggingListener - TEST FAILED AT STEP Verify title is showing as "Google"
22:32:13.627 [pool-1-thread-1] ERROR net.thucydides.core.steps.ConsoleLoggingListener - expected:<["Google"]> but was:<[Google]>
22:32:21.291 [pool-1-thread-1] ERROR net.thucydides.core.steps.ConsoleLoggingListener - 
           __  _____ _____ ____ _____   _____ _    ___ _     _____ ____  
  _       / / |_   _| ____/ ___|_   _| |  ___/ \  |_ _| |   | ____|  _ \ 
 (_)_____| |    | | |  _| \___ \ | |   | |_ / _ \  | || |   |  _| | | | |
  _|_____| |    | | | |___ ___) || |   |  _/ ___ \ | || |___| |___| |_| |
 (_)     | |    |_| |_____|____/ |_|   |_|/_/   \_\___|_____|_____|____/ 
          \_\                                                            

TEST FAILED: Verify Google Home Page Title
--------------------------------------------------------------------------
22:32:21.291 [pool-1-thread-1] DEBUG net.thucydides.core.steps.ConsoleLoggingListener - RELATED ISSUES: 
22:32:21.291 [pool-1-thread-1] ERROR net.thucydides.core.steps.ConsoleLoggingListener - TEST FAILED AT STEP Verify title is showing as "Google"
22:32:21.291 [pool-1-thread-1] ERROR net.thucydides.core.steps.ConsoleLoggingListener - expected:<["Google"]> but was:<[Google]>
Feature: Create Evaluation Smoke Test Feature

  Scenario: Verify Google Home Page Title  &amp#27;[90m# features/ui_feature/SmokeSuite/searchText.feature:3&amp#27;[0m
    &amp#27;[32mWhen &amp#27;[0m&amp#27;[32mUser Naviagte to google Home page&amp#27;[0m &amp#27;[90m# GoogleStepDefination.user_naviagte_to_google_home_page()&amp#27;[0m
    &amp#27;[31mThen &amp#27;[0m&amp#27;[31m&amp#27;[0m&amp#27;[31m&amp#27;[1m"Google"&amp#27;[0m&amp#27;[31m Title should show&amp#27;[0m        &amp#27;[90m# GoogleStepDefination.something_title_should_show(String)&amp#27;[0m
      &amp#27;[31mjunit.framework.ComparisonFailure: expected:<["Google"]> but was:<[Google]>
	at junit.framework.Assert.assertEquals(Assert.java:100)
	at junit.framework.Assert.assertEquals(Assert.java:107)
	at google_example.example.google.ui.steps.GoogleHomePage.verifyTitle(GoogleHomePage.java:39)
	at google_example.example.google.ui.steps.GoogleHomePage$ByteBuddy$igzefHND.verifyTitle$accessor$HGiie6gV(Unknown Source)
	at sun.reflect.NativeMethodAccessorImpl.invoke0(Native Method)
	at sun.reflect.NativeMethodAccessorImpl.invoke(NativeMethodAccessorImpl.java:62)
	at sun.reflect.DelegatingMethodAccessorImpl.invoke(DelegatingMethodAccessorImpl.java:43)
	at java.lang.reflect.Method.invoke(Method.java:498)
	at net.thucydides.core.steps.StepInterceptor.invokeMethod(StepInterceptor.java:471)
	at net.thucydides.core.steps.StepInterceptor.executeTestStepMethod(StepInterceptor.java:451)
	at net.thucydides.core.steps.StepInterceptor.runTestStep(StepInterceptor.java:424)
	at net.thucydides.core.steps.StepInterceptor.runOrSkipMethod(StepInterceptor.java:180)
	at net.thucydides.core.steps.StepInterceptor.testStepResult(StepInterceptor.java:167)
	at net.thucydides.core.steps.StepInterceptor.intercept(StepInterceptor.java:75)
	at google_example.example.google.ui.steps.GoogleHomePage$ByteBuddy$igzefHND.verifyTitle(Unknown Source)
	at google_example.example.google.ui.stepDefinations.GoogleStepDefination.something_title_should_show(GoogleStepDefination.java:32)
	at ?."Google" Title should show(classpath:features/ui_feature/SmokeSuite/searchText.feature:5)
&amp#27;[0m

  Scenario: Verify Google Home Page Title  &amp#27;[90m# features/ui_feature/SmokeSuite/searchText.feature:7&amp#27;[0m
    &amp#27;[32mWhen &amp#27;[0m&amp#27;[32mUser Naviagte to google Home page&amp#27;[0m &amp#27;[90m# GoogleStepDefination.user_naviagte_to_google_home_page()&amp#27;[0m
    &amp#27;[31mThen &amp#27;[0m&amp#27;[31m&amp#27;[0m&amp#27;[31m&amp#27;[1m"Google"&amp#27;[0m&amp#27;[31m Title should show&amp#27;[0m        &amp#27;[90m# GoogleStepDefination.something_title_should_show(String)&amp#27;[0m
      &amp#27;[31mjunit.framework.ComparisonFailure: expected:<["Google"]> but was:<[Google]>
	at junit.framework.Assert.assertEquals(Assert.java:100)
	at junit.framework.Assert.assertEquals(Assert.java:107)
	at google_example.example.google.ui.steps.GoogleHomePage.verifyTitle(GoogleHomePage.java:39)
	at google_example.example.google.ui.steps.GoogleHomePage$ByteBuddy$NGkYfjzl.verifyTitle$accessor$oTcwVttK(Unknown Source)
	at sun.reflect.NativeMethodAccessorImpl.invoke0(Native Method)
	at sun.reflect.NativeMethodAccessorImpl.invoke(NativeMethodAccessorImpl.java:62)
	at sun.reflect.DelegatingMethodAccessorImpl.invoke(DelegatingMethodAccessorImpl.java:43)
	at java.lang.reflect.Method.invoke(Method.java:498)
	at net.thucydides.core.steps.StepInterceptor.invokeMethod(StepInterceptor.java:471)
	at net.thucydides.core.steps.StepInterceptor.executeTestStepMethod(StepInterceptor.java:451)
	at net.thucydides.core.steps.StepInterceptor.runTestStep(StepInterceptor.java:424)
	at net.thucydides.core.steps.StepInterceptor.runOrSkipMethod(StepInterceptor.java:180)
	at net.thucydides.core.steps.StepInterceptor.testStepResult(StepInterceptor.java:167)
	at net.thucydides.core.steps.StepInterceptor.intercept(StepInterceptor.java:75)
	at google_example.example.google.ui.steps.GoogleHomePage$ByteBuddy$NGkYfjzl.verifyTitle(Unknown Source)
	at google_example.example.google.ui.stepDefinations.GoogleStepDefination.something_title_should_show(GoogleStepDefination.java:32)
	at ?."Google" Title should show(classpath:features/ui_feature/SmokeSuite/searchText.feature:9)
&amp#27;[0m
    &amp#27;[36mAnd &amp#27;[0m&amp#27;[36mUser Serach for &amp#27;[0m&amp#27;[36m&amp#27;[1m"Something"&amp#27;[0m&amp#27;[36m text&amp#27;[0m   &amp#27;[90m# GoogleStepDefination.user_serach_for_something_text(String)&amp#27;[0m
22:32:21.303 [pool-1-thread-1] DEBUG net.thucydides.core.reports.ReportService - Reporting formats: [JSON, HTML]
22:32:21.387 [pool-1-thread-1] DEBUG net.thucydides.core.reports.ReportService - Reporting formats: [JSON, HTML]
22:32:21.407 [pool-1-thread-1] DEBUG net.thucydides.core.reports.ReportService - Generating reports for 1 test outcomes using: net.thucydides.core.reports.json.JSONTestOutcomeReporter@3dbf2e69
22:32:21.409 [pool-1-thread-1] DEBUG net.thucydides.core.reports.ReportService - Processing test outcome Create Evaluation Smoke Test Feature:Verify Google Home Page Title
22:32:21.410 [pool-1-thread-1] DEBUG net.thucydides.core.reports.ReportService - net.thucydides.core.reports.json.JSONTestOutcomeReporter@3dbf2e69: Generating report for test outcome: Create Evaluation Smoke Test Feature:Verify Google Home Page Title
22:32:21.422 [pool-1-thread-1] DEBUG net.thucydides.core.reports.json.JSONTestOutcomeReporter - Generating JSON report for Verify Google Home Page Title to file C:\Users\pravesh.bhatt\Desktop\ACEND\workspace\atdd-framework-master\Senerity-BDD-Framework\target\site\serenity\973f5c0cfe6d2609d98b707762c943f2cc010e2804d2a9bda61d5547e30e600b.json (using temp file C:\Users\pravesh.bhatt\Desktop\ACEND\workspace\atdd-framework-master\Senerity-BDD-Framework\target\site\serenity\973f5c0cfe6d2609d98b707762c943f2cc010e2804d2a9bda61d5547e30e600b.jsonaf52f6eb-60ee-406e-b89f-a838583a2de2)
22:32:21.481 [pool-1-thread-1] DEBUG net.thucydides.core.reports.ReportService - Processing test outcome Create Evaluation Smoke Test Feature:Verify Google Home Page Title done
22:32:21.482 [pool-1-thread-1] DEBUG net.thucydides.core.reports.ReportService - Shutting down executor service
22:32:21.482 [pool-1-thread-1] DEBUG net.thucydides.core.reports.ReportService - Reports generated in: 75 ms
22:32:21.482 [pool-1-thread-1] DEBUG net.thucydides.core.reports.ReportService - Generating reports for 1 test outcomes using: net.thucydides.core.reports.html.HtmlAcceptanceTestReporter@6b55f1e1
22:32:21.483 [pool-2-thread-1] DEBUG net.thucydides.core.reports.ReportService - Processing test outcome Create Evaluation Smoke Test Feature:Verify Google Home Page Title
22:32:21.483 [pool-2-thread-1] DEBUG net.thucydides.core.reports.ReportService - net.thucydides.core.reports.html.HtmlAcceptanceTestReporter@6b55f1e1: Generating report for test outcome: Create Evaluation Smoke Test Feature:Verify Google Home Page Title
22:32:21.483 [pool-2-thread-1] DEBUG net.thucydides.core.reports.html.HtmlAcceptanceTestReporter - GENERATE TEST OUTCOME REPORT FOR Verify Google Home Page Title in 973f5c0cfe6d2609d98b707762c943f2cc010e2804d2a9bda61d5547e30e600b
22:32:21.622 [pool-2-thread-1] DEBUG net.thucydides.core.requirements.RequirementsTagProvider -  found:[Requirement{name='Ui feature', type='theme' parent = 'null', cardNumber='null'}]
22:32:21.631 [pool-2-thread-1] DEBUG net.thucydides.core.requirements.BaseRequirementsService - Requirement found for test outcome Verify Google Home Page Title-[]: Optional[Requirement{name='Create Evaluation Smoke Test Feature', type='feature' parent = 'Smoke suite', cardNumber='null'}]
22:32:21.634 [pool-2-thread-1] DEBUG net.thucydides.core.requirements.BaseRequirementsService - Requirement found for test outcome Verify Google Home Page Title-[]: Optional[Requirement{name='Create Evaluation Smoke Test Feature', type='feature' parent = 'Smoke suite', cardNumber='null'}]
22:32:21.673 [pool-2-thread-1] DEBUG net.thucydides.core.requirements.BaseRequirementsService - Requirement found for test outcome Verify Google Home Page Title-[]: Optional[Requirement{name='Create Evaluation Smoke Test Feature', type='feature' parent = 'Smoke suite', cardNumber='null'}]
22:32:21.674 [pool-2-thread-1] DEBUG net.thucydides.core.requirements.BaseRequirementsService - Requirement found for test outcome Verify Google Home Page Title-[]: Optional[Requirement{name='Create Evaluation Smoke Test Feature', type='feature' parent = 'Smoke suite', cardNumber='null'}]
22:32:21.773 [pool-2-thread-1] DEBUG net.thucydides.core.reports.html.HtmlAcceptanceTestReporter - Generating report in 973f5c0cfe6d2609d98b707762c943f2cc010e2804d2a9bda61d5547e30e600b_screenshots.html
22:32:22.151 [pool-2-thread-1] DEBUG net.thucydides.core.reports.html.HtmlAcceptanceTestReporter - Generated report 973f5c0cfe6d2609d98b707762c943f2cc010e2804d2a9bda61d5547e30e600b_screenshots.html in 378 ms
22:32:22.152 [pool-2-thread-1] DEBUG net.thucydides.core.reports.html.HtmlAcceptanceTestReporter - GENERATING HTML REPORT FOR Create Evaluation Smoke Test Feature:Verify Google Home Page Title in 973f5c0cfe6d2609d98b707762c943f2cc010e2804d2a9bda61d5547e30e600b.html in directory target\site\serenity  
22:32:24.572 [pool-2-thread-1] DEBUG net.thucydides.core.reports.html.HtmlAcceptanceTestReporter - Generating report in 973f5c0cfe6d2609d98b707762c943f2cc010e2804d2a9bda61d5547e30e600b.html
22:32:24.744 [pool-2-thread-1] DEBUG net.thucydides.core.reports.html.HtmlAcceptanceTestReporter - Generated report 973f5c0cfe6d2609d98b707762c943f2cc010e2804d2a9bda61d5547e30e600b.html in 172 ms
22:32:24.744 [pool-2-thread-1] DEBUG net.thucydides.core.reports.ReportService - Processing test outcome Create Evaluation Smoke Test Feature:Verify Google Home Page Title done
22:32:24.744 [pool-1-thread-1] DEBUG net.thucydides.core.reports.ReportService - Shutting down executor service
22:32:24.744 [pool-1-thread-1] DEBUG net.thucydides.core.reports.ReportService - Reports generated in: 3262 ms
22:32:24.933 [pool-1-thread-1] DEBUG net.serenitybdd.core.photography.Darkroom - Closing darkroom
22:32:02.087 [pool-1-thread-1] INFO net.thucydides.core.steps.ConsoleLoggingListener - 
 _____ _____ ____ _____   ____ _____  _    ____ _____ _____ ____  
|_   _| ____/ ___|_   _| / ___|_   _|/ \  |  _ \_   _| ____|  _ \ 
  | | |  _| \___ \ | |   \___ \ | | / _ \ | |_) || | |  _| | | | |
  | | | |___ ___) || |    ___) || |/ ___ \|  _ < | | | |___| |_| |
  |_| |_____|____/ |_|   |____/ |_/_/   \_\_| \_\|_| |_____|____/ 
                                                                  

TEST STARTED: Verify Google Home Page Title
-------------------------------------------------------------------(create-evaluation-smoke-test-feature;verify-google-home-page-title)
22:32:03.668 [pool-1-thread-1] INFO net.serenitybdd.core.webdriver.driverproviders.ProvideNewDriver - Instantiating driver
22:32:03.668 [pool-1-thread-1] INFO net.serenitybdd.core.webdriver.driverproviders.ProvideNewDriver - Driver capabilities: Capabilities {acceptInsecureCerts: false, browserName: chrome, goog:chromeOptions: {args: [], extensions: []}, loggingPrefs: org.openqa.selenium.logging..., platform: ANY, version: }
22:32:11.161 [pool-1-thread-1] DEBUG net.serenitybdd.core.photography.Darkroom - Opening darkroom
22:32:11.162 [Darkroom Processing Line] DEBUG net.serenitybdd.core.photography.DarkroomProcessingLine - Darkroom processing line starting up
22:32:11.542 [pool-1-thread-1] DEBUG net.serenitybdd.core.photography.Darkroom - Send negative for processing for target\site\serenity\b922a286bc7721f6b49ee3a00b6bc0e103ca31e86cf762c81d03c7eedf4c6422.png
22:32:11.543 [Darkroom Processing Line] DEBUG net.serenitybdd.core.photography.DarkroomProcessingLine - Processing screenshot image in /var/screenshots/screenshot-7078708587024224554
22:32:11.543 [Darkroom Processing Line] DEBUG net.serenitybdd.core.photography.DarkroomProcessingLine - Saving screenshot to target\site\serenity\b922a286bc7721f6b49ee3a00b6bc0e103ca31e86cf762c81d03c7eedf4c6422.png
22:32:12.011 [pool-1-thread-1] DEBUG net.serenitybdd.core.photography.Darkroom - Send negative for processing for target\site\serenity\42e4accd4312ac18eaa88d7e7bfe78c6e0ff8460a60d7832b8d9f99a10a86a6e.png
22:32:12.011 [Darkroom Processing Line] DEBUG net.serenitybdd.core.photography.DarkroomProcessingLine - Processing screenshot image in /var/screenshots/screenshot-2791497380091109846
22:32:12.012 [Darkroom Processing Line] DEBUG net.serenitybdd.core.photography.DarkroomProcessingLine - Saving screenshot to target\site\serenity\42e4accd4312ac18eaa88d7e7bfe78c6e0ff8460a60d7832b8d9f99a10a86a6e.png
22:32:12.012 [pool-1-thread-1] DEBUG net.thucydides.core.steps.StepInterceptor - STARTING STEP: GoogleStepDefination.something_title_should_show - Verify title is showing as {0}
22:32:24.933 [Darkroom Processing Line] DEBUG net.serenitybdd.core.photography.DarkroomProcessingLine - Darkroom processing line shutting down
]]></system-out>
    <system-err><![CDATA[May 31, 2020 10:32:02 PM org.openqa.selenium.remote.DesiredCapabilities chrome
INFO: Using `new ChromeOptions()` is preferred to `DesiredCapabilities.chrome()`
Starting ChromeDriver 83.0.4103.14 (be04594a2b8411758b860104bc0a1033417178be-refs/branch-heads/4103@{#119}) on port 7052
Only local connections are allowed.
Please see https://chromedriver.chromium.org/security-considerations for suggestions on keeping ChromeDriver safe.
ChromeDriver was started successfully.
May 31, 2020 10:32:05 PM org.openqa.selenium.remote.ProtocolHandshake createSession
INFO: Detected dialect: W3C
]]></system-err>
  </testcase>
  <testcase name="Verify Google Home Page Title" classname="Create Evaluation Smoke Test Feature" time="6.738">
    <failure message="expected:&lt;[&quot;Google&quot;]&gt; but was:&lt;[Google]&gt;" type="junit.framework.ComparisonFailure"><![CDATA[junit.framework.ComparisonFailure: expected:<["Google"]> but was:<[Google]>
]]></failure>
    <system-out><![CDATA[22:32:13.910 [pool-1-thread-1] INFO net.serenitybdd.core.webdriver.driverproviders.ProvideNewDriver - Instantiating driver
22:32:13.910 [pool-1-thread-1] INFO net.serenitybdd.core.webdriver.driverproviders.ProvideNewDriver - Driver capabilities: Capabilities {acceptInsecureCerts: false, browserName: chrome, goog:chromeOptions: {args: [], extensions: []}, loggingPrefs: org.openqa.selenium.logging..., platform: ANY, version: }
22:32:20.124 [pool-1-thread-1] DEBUG net.serenitybdd.core.photography.Darkroom - Send negative for processing for target\site\serenity\b922a286bc7721f6b49ee3a00b6bc0e103ca31e86cf762c81d03c7eedf4c6422.png
22:32:20.136 [pool-1-thread-1] DEBUG net.thucydides.core.steps.StepInterceptor - STARTING STEP: GoogleStepDefination.something_title_should_show - Verify title is showing as {0}
]]></system-out>
    <system-err><![CDATA[May 31, 2020 10:32:13 PM org.openqa.selenium.remote.DesiredCapabilities chrome
INFO: Using `new ChromeOptions()` is preferred to `DesiredCapabilities.chrome()`
Starting ChromeDriver 83.0.4103.14 (be04594a2b8411758b860104bc0a1033417178be-refs/branch-heads/4103@{#119}) on port 32612
Only local connections are allowed.
Please see https://chromedriver.chromium.org/security-considerations for suggestions on keeping ChromeDriver safe.
ChromeDriver was started successfully.
May 31, 2020 10:32:15 PM org.openqa.selenium.remote.ProtocolHandshake createSession
INFO: Detected dialect: W3C
]]></system-err>
  </testcase>
</testsuite>